0 info it worked if it ends with ok
1 verbose cli [ 'C:\\webProject\\Node\\node.exe',
1 verbose cli   'C:\\Users\\ratan_000\\AppData\\Roaming\\npm\\node_modules\\npm\\bin\\npm-cli.js',
1 verbose cli   'start' ]
2 info using npm@3.3.10
3 info using node@v4.3.0
4 verbose run-script [ 'prestart', 'start', 'poststart' ]
5 info lifecycle sony@0.0.0~prestart: sony@0.0.0
6 silly lifecycle sony@0.0.0~prestart: no script for prestart, continuing
7 info lifecycle sony@0.0.0~start: sony@0.0.0
8 verbose lifecycle sony@0.0.0~start: unsafe-perm in lifecycle true
9 verbose lifecycle sony@0.0.0~start: PATH: C:\Users\ratan_000\AppData\Roaming\npm\node_modules\npm\bin\node-gyp-bin;C:\Users\ratan_000\Desktop\Twitch-API-\node_modules\.bin;C:\ProgramData\Oracle\Java\javapath;C:\Program Files (x86)\Intel\iCLS Client\;C:\Program Files\Intel\iCLS Client\;C:\windows\system32;C:\windows;C:\windows\System32\Wbem;C:\windows\System32\WindowsPowerShell\v1.0\;C:\Program Files\Intel\Intel(R) Management Engine Components\DAL;C:\Program Files\Intel\Intel(R) Management Engine Components\IPT;C:\Program Files (x86)\Intel\Intel(R) Management Engine Components\DAL;C:\Program Files (x86)\Intel\Intel(R) Management Engine Components\IPT;C:\Program Files (x86)\Skype\Phone\;C:\webProject\Node\;C:\Program Files\Git\cmd;%Program Files%\MongoDB\Server\3.2\bin;C:\Program Files (x86)\Deployd\bin;C:\wamp64\bin\php\php5.6.19;C:\ProgramData\ComposerSetup\bin;D:\command;C:\Users\ratan_000\AppData\Roaming\npm;%Program Files%\Git\bin;%Program Files%\Git\cmd;%Program Files%\MongoDB\Server\3.2\bin;C:\Users\ratan_000\AppData\Roaming\Composer\vendor\bin
10 verbose lifecycle sony@0.0.0~start: CWD: C:\Users\ratan_000\Desktop\Twitch-API-
11 silly lifecycle sony@0.0.0~start: Args: [ '/d /s /c', 'node ./bin/www' ]
12 silly lifecycle sony@0.0.0~start: Returned: code: 1  signal: null
13 info lifecycle sony@0.0.0~start: Failed to exec start script
14 verbose stack Error: sony@0.0.0 start: `node ./bin/www`
14 verbose stack Exit status 1
14 verbose stack     at EventEmitter.<anonymous> (C:\Users\ratan_000\AppData\Roaming\npm\node_modules\npm\lib\utils\lifecycle.js:232:16)
14 verbose stack     at emitTwo (events.js:87:13)
14 verbose stack     at EventEmitter.emit (events.js:172:7)
14 verbose stack     at ChildProcess.<anonymous> (C:\Users\ratan_000\AppData\Roaming\npm\node_modules\npm\lib\utils\spawn.js:24:14)
14 verbose stack     at emitTwo (events.js:87:13)
14 verbose stack     at ChildProcess.emit (events.js:172:7)
14 verbose stack     at maybeClose (internal/child_process.js:821:16)
14 verbose stack     at Process.ChildProcess._handle.onexit (internal/child_process.js:211:5)
15 verbose pkgid sony@0.0.0
16 verbose cwd C:\Users\ratan_000\Desktop\Twitch-API-
17 error Windows_NT 6.3.9600
18 error argv "C:\\webProject\\Node\\node.exe" "C:\\Users\\ratan_000\\AppData\\Roaming\\npm\\node_modules\\npm\\bin\\npm-cli.js" "start"
19 error node v4.3.0
20 error npm  v3.3.10
21 error code ELIFECYCLE
22 error sony@0.0.0 start: `node ./bin/www`
22 error Exit status 1
23 error Failed at the sony@0.0.0 start script 'node ./bin/www'.
23 error Make sure you have the latest version of node.js and npm installed.
23 error If you do, this is most likely a problem with the sony package,
23 error not with npm itself.
23 error Tell the author that this fails on your system:
23 error     node ./bin/www
23 error You can get their info via:
23 error     npm owner ls sony
23 error There is likely additional logging output above.
24 verbose exit [ 1, true ]
